<?xml version="1.0" encoding="UTF-8"?>
<testng-results skipped="0" failed="0" total="1" passed="1">
  <reporter-output>
  </reporter-output>
  <suite name="Default suite" duration-ms="40" started-at="2016-08-16T19:39:12Z" finished-at="2016-08-16T19:39:12Z">
    <groups>
    </groups>
    <test name="Default test" duration-ms="40" started-at="2016-08-16T19:39:12Z" finished-at="2016-08-16T19:39:12Z">
      <class name="com.acttimeTime.userTest.SampleTest">
        <test-method status="PASS" signature="login()[pri:0, instance:com.acttimeTime.userTest.SampleTest@598067a5]" name="login" duration-ms="17" started-at="2016-08-17T01:09:12Z" finished-at="2016-08-17T01:09:12Z">
          <reporter-output>
          </reporter-output>
        </test-method> <!-- login -->
      </class> <!-- com.acttimeTime.userTest.SampleTest -->
    </test> <!-- Default test -->
  </suite> <!-- Default suite -->
</testng-results>
