<?xml version="1.0" encoding="UTF-8"?>
<testng-results skipped="0" failed="0" total="1" passed="1">
  <reporter-output>
  </reporter-output>
  <suite name="Suite" duration-ms="25516" started-at="2016-09-12T14:05:23Z" finished-at="2016-09-12T14:05:49Z">
    <groups>
    </groups>
    <test name="Test" duration-ms="25516" started-at="2016-09-12T14:05:23Z" finished-at="2016-09-12T14:05:49Z">
      <class name="com.acttimeTime.userTest.SampleTest">
        <test-method status="PASS" signature="login(org.testng.xml.XmlTest)[pri:0, instance:com.acttimeTime.userTest.SampleTest@4501b7af]" name="login" duration-ms="25473" started-at="2016-09-12T19:35:23Z" finished-at="2016-09-12T19:35:49Z">
          <params>
            <param index="0">
              <value>
                <![CDATA[[Test: "Test" verbose:1[parameters:][metagroups:] [included: ][excluded: ]  classes:[XmlClass class=com.acttimeTime.userTest.SampleTest]  packages:] ]]>
              </value>
            </param>
          </params>
          <reporter-output>
          </reporter-output>
        </test-method> <!-- login -->
      </class> <!-- com.acttimeTime.userTest.SampleTest -->
    </test> <!-- Test -->
  </suite> <!-- Suite -->
</testng-results>
