<?xml version="1.0" encoding="UTF-8"?>
<!-- Generated by org.testng.reporters.JUnitXMLReporter -->
<testsuite hostname="ADV-SEL-14" name="Test" tests="4" failures="0" timestamp="3 Jun 2016 04:09:39 GMT" time="20.074" errors="0">
  <testcase name="createUSerTest" time="2.515" classname="com.acttimeTime.userTest.UserTest"/>
  <testcase name="modifyUserTest" time="2.448" classname="com.acttimeTime.userTest.UserTest"/>
  <testcase name="createcustomerTest" time="0.002" classname="com.acttime.projectAndCustomerTest.ProjectAndCustomer"/>
  <testcase name="modifyCustomerTest" time="0.001" classname="com.acttime.projectAndCustomerTest.ProjectAndCustomer"/>
</testsuite> <!-- Test -->
